JvmtiExport can_access_local_variables 0
JvmtiExport can_hotswap_or_post_breakpoint 0
JvmtiExport can_post_on_exceptions 0
# 237 ciObject found
ciMethod java/lang/Object <init> ()V 4097 1 777072 0 0
ciMethod java/lang/String length ()I 3777 1 314670 0 -1
ciMethod java/lang/String equals (Ljava/lang/Object;)Z 16513 43657 20708 0 -1
ciMethod java/lang/String startsWith (Ljava/lang/String;)Z 3145 1 122817 0 -1
ciMethod java/lang/System arraycopy (Ljava/lang/Object;ILjava/lang/Object;II)V 5121 1 640 0 -1
ciMethod java/util/Map get (Ljava/lang/Object;)Ljava/lang/Object; 0 0 1 0 -1
ciMethod java/lang/StringBuffer length ()I 505 1 63 0 -1
ciMethod java/lang/StringBuffer setLength (I)V 297 1 43 0 -1
ciMethod java/lang/StringBuffer append (Ljava/lang/String;)Ljava/lang/StringBuffer; 3073 1 43038 0 -1
ciMethod java/lang/StringBuffer toString ()Ljava/lang/String; 113 1 17418 0 -1
ciMethod java/lang/Boolean booleanValue ()Z 1529 1 191 0 -1
ciMethod java/lang/Integer <init> (I)V 2209 1 311 0 -1
ciMethod java/lang/Long <init> (J)V 2057 1 8077 0 -1
ciMethod java/util/Vector <init> (II)V 4041 1 634 0 0
ciMethod java/util/Vector <init> (I)V 2233 1 285 0 0
ciMethod java/util/Vector <init> ()V 4929 1 621 0 0
ciMethod java/util/Vector ensureCapacityHelper (I)V 2049 1 13821 0 0
ciMethod java/util/Vector grow (I)V 81 1 95 0 0
ciMethod java/util/Vector hugeCapacity (I)I 0 0 1 0 -1
ciMethod java/util/Vector addElement (Ljava/lang/Object;)V 2065 1 13725 0 896
ciMethod java/util/AbstractList <init> ()V 3073 1 98676 0 0
ciMethod java/util/AbstractCollection <init> ()V 2073 1 119177 0 32
ciMethod java/util/Arrays copyOf ([Ljava/lang/Object;I)[Ljava/lang/Object; 2073 1 28471 0 -1
ciMethodData java/lang/Object <init> ()V 2 777072 orig 264 152 82 158 101 0 0 0 0 128 4 36 20 0 0 0 0 32 1 0 0 0 0 0 0 0 0 0 0 0 0 0 0 0 0 0 0 0 0 0 0 0 0 0 0 0 0 0 0 0 0 0 0 0 0 0 0 0 0 0 0 0 0 0 0 0 0 0 0 0 0 0 0 0 0 0 0 0 0 0 0 77 68 79 32 101 120 116 114 97 32 100 97 116 97 32 108 111 99 107 0 0 0 0 0 0 0 0 0 0 0 0 0 0 0 0 0 0 0 0 0 0 0 0 0 0 0 0 0 0 0 0 0 0 0 0 0 0 0 0 0 0 0 0 0 0 0 0 0 0 0 0 0 0 0 0 0 0 0 0 0 0 0 0 0 0 0 0 0 0 0 0 0 0 0 0 0 0 0 0 0 0 0 0 0 1 0 0 0 0 0 0 0 1 0 0 0 0 0 0 0 1 0 0 0 0 0 0 0 0 0 0 0 0 0 0 0 0 2 0 0 129 203 94 0 1 0 0 0 0 0 0 0 0 0 0 0 2 0 0 0 0 0 3 0 1 0 0 0 0 0 0 0 255 255 255 255 0 0 0 0 0 0 0 0 data 0 oops 0
ciMethodData java/util/AbstractCollection <init> ()V 2 119177 orig 264 152 82 158 101 0 0 0 0 128 99 48 20 0 0 0 0 48 1 0 0 0 0 0 0 0 0 0 0 0 0 0 0 0 0 0 0 0 0 0 0 0 0 0 0 0 0 0 0 0 0 0 0 0 0 0 0 0 0 0 0 0 0 0 0 0 0 0 0 0 0 0 0 0 0 0 0 0 0 0 0 77 68 79 32 101 120 116 114 97 32 100 97 116 97 32 108 111 99 107 0 0 0 0 0 0 0 0 0 0 0 0 0 0 0 0 0 0 0 0 0 0 0 0 0 0 0 0 0 0 0 0 0 0 0 0 0 0 0 0 0 0 0 0 0 0 0 0 0 0 0 0 0 0 0 0 0 0 0 0 0 0 0 0 0 0 0 0 0 0 0 0 0 0 0 0 0 0 0 0 0 0 0 0 0 1 0 0 0 0 0 0 0 0 0 0 0 0 0 0 0 1 0 0 0 0 0 0 0 0 0 0 0 0 0 0 0 3 1 0 0 49 132 14 0 1 0 0 0 0 0 0 0 0 0 0 0 2 0 0 0 0 0 3 0 2 0 0 0 16 0 0 0 255 255 255 255 2 0 1 0 0 0 0 0 data 2 0x10002 0x1d086 oops 0
ciMethodData java/util/AbstractList <init> ()V 2 98676 orig 264 152 82 158 101 0 0 0 0 24 80 48 20 0 0 0 0 48 1 0 0 0 0 0 0 0 0 0 0 0 0 0 0 0 0 0 0 0 0 0 0 0 0 0 0 0 0 0 0 0 0 0 0 0 0 0 0 0 0 0 0 0 0 0 0 0 0 0 0 0 0 0 0 0 0 0 0 0 0 0 0 77 68 79 32 101 120 116 114 97 32 100 97 116 97 32 108 111 99 107 0 0 0 0 0 0 0 0 0 0 0 0 0 0 0 0 0 0 0 0 0 0 0 0 0 0 0 0 0 0 0 0 0 0 0 0 0 0 0 0 0 0 0 0 0 0 0 0 0 0 0 0 0 0 0 0 0 0 0 0 0 0 0 0 0 0 0 0 0 0 0 0 0 0 0 0 0 0 0 0 0 0 0 0 0 0 0 0 0 0 0 0 0 0 0 0 0 0 0 0 0 0 0 0 0 0 0 0 0 0 0 0 0 0 0 0 0 128 1 0 0 161 255 11 0 1 0 0 0 0 0 0 0 0 0 0 0 2 0 0 0 0 0 3 0 2 0 0 0 16 0 0 0 255 255 255 255 2 0 1 0 0 0 0 0 data 2 0x10002 0x17ff4 oops 0
ciMethodData java/util/Vector ensureCapacityHelper (I)V 2 13821 orig 264 152 82 158 101 0 0 0 0 48 34 48 20 0 0 0 0 88 1 0 0 0 0 0 0 0 0 0 0 0 0 0 0 0 0 0 0 0 0 0 0 0 0 0 0 0 0 0 0 0 0 0 0 0 0 0 0 0 0 0 0 0 0 0 0 0 0 0 0 0 0 0 0 0 0 0 0 0 0 0 0 77 68 79 32 101 120 116 114 97 32 100 97 116 97 32 108 111 99 107 0 0 0 0 0 0 0 0 0 0 0 0 0 0 0 0 0 0 0 0 0 0 0 0 0 0 0 0 0 0 0 0 0 0 0 0 0 0 0 0 0 0 0 0 0 0 0 0 0 0 0 0 0 0 0 0 0 0 0 0 0 0 0 0 0 0 0 0 0 0 0 0 0 0 0 0 0 0 0 0 0 0 0 0 0 0 0 0 0 0 0 0 0 0 0 0 0 0 0 0 0 0 0 0 0 0 0 0 0 0 0 0 0 0 0 0 0 0 1 0 0 233 167 1 0 1 0 0 0 0 0 0 0 0 0 0 0 2 0 0 0 0 0 6 0 2 0 0 0 48 0 0 0 255 255 255 255 7 0 7 0 0 0 0 0 data 6 0x70007 0x34dc 0x30 0x21 0xc0002 0x21 oops 0
ciMethodData java/util/Vector addElement (Ljava/lang/Object;)V 2 13725 orig 264 152 82 158 101 0 0 0 0 88 48 48 20 0 0 0 0 144 1 0 0 0 0 0 0 0 0 0 0 0 0 0 0 0 0 0 0 0 0 0 0 0 0 0 0 0 0 0 0 0 0 0 0 0 0 0 0 0 0 0 0 0 0 0 0 0 0 0 0 0 0 0 0 0 0 0 0 0 0 0 0 77 68 79 32 101 120 116 114 97 32 100 97 116 97 32 108 111 99 107 0 0 0 0 0 0 0 0 0 0 0 0 0 0 0 0 0 0 0 0 0 0 0 0 0 0 0 0 0 0 0 0 0 0 0 0 0 0 0 0 0 0 0 0 0 0 0 0 0 0 0 0 0 0 0 0 0 0 0 0 0 0 0 0 0 0 0 0 0 0 0 0 0 0 0 0 0 0 0 0 0 0 0 0 0 0 0 0 0 0 0 0 0 0 0 0 0 0 0 0 0 0 0 0 0 0 0 0 0 0 0 0 0 0 0 0 0 2 1 0 0 217 164 1 0 1 0 0 0 0 0 0 0 0 0 0 0 2 0 0 0 0 0 7 0 2 0 0 0 64 0 0 0 255 255 255 255 2 0 17 0 0 0 0 0 data 8 0x110002 0x349b 0x240104 0x0 0x14ba5530 0x7d9 0x14ba54a0 0x2b28 oops 2 4 java/lang/Class 6 java/lang/String
ciMethodData java/util/Vector <init> ()V 1 621 orig 264 152 82 158 101 0 0 0 0 184 30 48 20 0 0 0 0 48 1 0 0 0 0 0 0 0 0 0 0 0 0 0 0 0 0 0 0 0 0 0 0 0 0 0 0 0 0 0 0 0 0 0 0 0 0 0 0 0 0 0 0 0 0 0 0 0 0 0 0 0 0 0 0 0 0 0 0 0 0 0 0 77 68 79 32 101 120 116 114 97 32 100 97 116 97 32 108 111 99 107 0 0 0 0 0 0 0 0 0 0 0 0 0 0 0 0 0 0 0 0 0 0 0 0 0 0 0 0 0 0 0 0 0 0 0 0 0 0 0 0 0 0 0 0 0 0 0 0 0 0 0 0 0 0 0 0 0 0 0 0 0 0 0 0 0 0 0 0 0 0 0 0 0 0 0 0 0 0 0 0 0 0 0 0 0 0 0 0 0 0 0 0 0 0 0 0 0 0 0 0 0 0 0 0 0 0 0 0 0 0 0 0 0 0 0 0 0 23 1 0 0 41 0 0 0 1 0 0 0 0 0 0 0 0 0 0 0 2 0 0 0 0 0 3 0 2 0 0 0 16 0 0 0 255 255 255 255 2 0 3 0 0 0 0 0 data 2 0x30002 0x5 oops 0
ciMethodData java/util/Vector <init> (I)V 1 285 orig 264 152 82 158 101 0 0 0 0 32 30 48 20 0 0 0 0 56 1 0 0 0 0 0 0 0 0 0 0 0 0 0 0 0 0 0 0 0 0 0 0 0 0 0 0 0 0 0 0 0 0 0 0 0 0 0 0 0 0 0 0 0 0 0 0 0 0 0 0 0 0 0 0 0 0 0 0 0 0 0 0 77 68 79 32 101 120 116 114 97 32 100 97 116 97 32 108 111 99 107 0 0 0 0 0 0 0 0 0 0 0 0 0 0 0 0 0 0 0 0 0 0 0 0 0 0 0 0 0 0 0 0 0 0 0 0 0 0 0 0 0 0 0 0 0 0 0 0 0 0 0 0 0 0 0 0 0 0 0 0 0 0 0 0 0 0 0 0 0 0 0 0 0 0 0 0 0 0 0 0 0 0 0 0 0 0 0 0 0 0 0 0 0 0 0 0 0 0 0 0 0 0 0 0 0 0 0 0 0 0 0 0 0 0 0 0 0 23 1 0 0 49 0 0 0 1 0 0 0 0 0 0 0 0 0 0 0 2 0 0 0 0 0 0 0 0 0 0 0 16 0 0 0 255 255 255 255 2 0 3 0 0 0 0 0 data 2 0x30002 0x6 oops 0
ciMethodData java/util/Vector <init> (II)V 1 634 orig 264 152 82 158 101 0 0 0 0 136 29 48 20 0 0 0 0 56 2 0 0 0 0 0 0 0 0 0 0 0 0 0 0 0 0 0 0 0 0 0 0 0 0 0 0 0 0 0 0 0 0 0 0 0 0 0 0 0 0 0 0 0 0 0 0 0 0 0 0 0 0 0 0 0 0 0 0 0 0 0 0 77 68 79 32 101 120 116 114 97 32 100 97 116 97 32 108 111 99 107 0 0 0 0 0 0 0 0 0 0 0 0 0 0 0 0 0 0 0 0 0 0 0 0 0 0 0 0 0 0 0 0 0 0 0 0 0 0 0 0 0 0 0 0 0 0 0 0 0 0 0 0 0 0 0 0 0 0 0 0 0 0 0 0 0 0 0 0 0 0 0 0 0 0 0 0 0 0 0 0 0 0 0 0 0 0 0 0 0 0 0 0 0 0 0 0 0 0 0 0 0 0 0 0 0 0 0 0 0 0 0 0 0 0 0 0 0 23 1 0 0 9 4 0 0 1 0 0 0 0 0 0 0 0 0 0 0 2 0 0 0 0 0 5 0 2 0 0 0 224 0 0 0 255 255 255 255 2 0 1 0 0 0 0 0 data 28 0x10002 0x81 0x50007 0x81 0xd0 0x0 0x100002 0x0 0x150005 0x0 0x0 0x0 0x0 0x0 0x190005 0x0 0x0 0x0 0x0 0x0 0x1c0005 0x0 0x0 0x0 0x0 0x0 0x1f0002 0x0 oops 0
ciMethod org/w3c/dom/Node getNodeName ()Ljava/lang/String; 0 0 1 0 -1
ciMethod org/w3c/dom/Node getParentNode ()Lorg/w3c/dom/Node; 0 0 1 0 -1
ciMethod org/w3c/dom/Node getFirstChild ()Lorg/w3c/dom/Node; 0 0 1 0 -1
ciMethod org/w3c/dom/Node getPreviousSibling ()Lorg/w3c/dom/Node; 0 0 1 0 -1
ciMethod org/w3c/dom/Node getNextSibling ()Lorg/w3c/dom/Node; 0 0 1 0 -1
ciMethod org/w3c/dom/Node getLocalName ()Ljava/lang/String; 0 0 1 0 -1
ciMethod org/w3c/dom/Element getAttributeNodeNS (Ljava/lang/String;Ljava/lang/String;)Lorg/w3c/dom/Attr; 0 0 1 0 -1
ciMethod com/sun/org/apache/xerces/internal/utils/XMLSecurityManager getLimit (Lcom/sun/org/apache/xerces/internal/utils/XMLSecurityManager$Limit;)I 97 1 17 0 -1
ciMethod com/sun/org/apache/xerces/internal/utils/XMLSecurityManager isNoLimit (I)Z 4097 1 19608 0 -1
ciMethod com/sun/org/apache/xerces/internal/impl/xs/traversers/XSDHandler getGlobalDecl (Lcom/sun/org/apache/xerces/internal/impl/xs/traversers/XSDocumentInfo;ILcom/sun/org/apache/xerces/internal/xni/QName;Lorg/w3c/dom/Element;)Ljava/lang/Object; 577 1 78 0 -1
ciMethod com/sun/org/apache/xerces/internal/xs/XSSimpleTypeDefinition getVariety ()S 0 0 1 0 -1
ciMethod com/sun/org/apache/xerces/internal/impl/dv/XSSimpleType getPrimitiveKind ()S 0 0 1 0 -1
ciMethod com/sun/org/apache/xerces/internal/impl/dv/XSSimpleType validate (Ljava/lang/String;Lcom/sun/org/apache/xerces/internal/impl/dv/ValidationContext;Lcom/sun/org/apache/xerces/internal/impl/dv/ValidatedInfo;)Ljava/lang/Object; 0 0 1 0 -1
ciMethod com/sun/org/apache/xerces/internal/impl/dv/xs/XSSimpleTypeDecl getVariety ()S 4097 1 53905 0 64
ciMethod com/sun/org/apache/xerces/internal/impl/dv/xs/XSSimpleTypeDecl getPrimitiveKind ()S 4097 1 13976 0 192
ciMethod com/sun/org/apache/xerces/internal/impl/dv/XSFacets reset ()V 273 1 40 0 -1
ciMethod com/sun/org/apache/xerces/internal/impl/xs/util/XIntPool getXInt (I)Lcom/sun/org/apache/xerces/internal/impl/xs/util/XInt; 401 1 51 0 -1
ciMethod com/sun/org/apache/xerces/internal/impl/validation/ValidationState setNamespaceSupport (Lcom/sun/org/apache/xerces/internal/xni/NamespaceContext;)V 465 1 65 0 -1
ciMethod com/sun/org/apache/xerces/internal/impl/xs/opti/NodeImpl getLocalName ()Ljava/lang/String; 2209 1 276 0 0
ciMethod org/w3c/dom/Attr getName ()Ljava/lang/String; 0 0 1 0 -1
ciMethod com/sun/org/apache/xerces/internal/util/DOMUtil getFirstChildElement (Lorg/w3c/dom/Node;)Lorg/w3c/dom/Element; 4097 1 13117 0 -1
ciMethod com/sun/org/apache/xerces/internal/util/DOMUtil getNextSiblingElement (Lorg/w3c/dom/Node;)Lorg/w3c/dom/Element; 4097 1 13202 0 -1
ciMethod com/sun/org/apache/xerces/internal/util/DOMUtil getLocalName (Lorg/w3c/dom/Node;)Ljava/lang/String; 4097 1 60068 0 128
ciMethod com/sun/org/apache/xerces/internal/util/DOMUtil getAttr (Lorg/w3c/dom/Element;Ljava/lang/String;)Lorg/w3c/dom/Attr; 449 1 57 0 -1
ciMethod com/sun/org/apache/xerces/internal/util/DOMUtil getAttrs (Lorg/w3c/dom/Element;)[Lorg/w3c/dom/Attr; 4097 3721 6584 0 -1
ciMethod com/sun/org/apache/xerces/internal/util/DOMUtil getValue (Lorg/w3c/dom/Attr;)Ljava/lang/String; 2081 1 6549 0 -1
ciMethod com/sun/org/apache/xerces/internal/util/DOMUtil getPrefix (Lorg/w3c/dom/Node;)Ljava/lang/String; 105 1 13 0 -1
ciMethod com/sun/org/apache/xerces/internal/util/DOMUtil getNamespaceURI (Lorg/w3c/dom/Node;)Ljava/lang/String; 4097 1 13120 0 -1
ciMethod com/sun/org/apache/xerces/internal/util/DOMUtil getSyntheticAnnotation (Lorg/w3c/dom/Node;)Ljava/lang/String; 4097 1 53772 0 -1
ciMethod com/sun/org/apache/xerces/internal/impl/xs/traversers/XSAttributeChecker checkAttributes (Lorg/w3c/dom/Element;ZLcom/sun/org/apache/xerces/internal/impl/xs/traversers/XSDocumentInfo;)[Ljava/lang/Object; 3073 1 407 0 -1
ciMethod com/sun/org/apache/xerces/internal/impl/xs/traversers/XSAttributeChecker checkAttributes (Lorg/w3c/dom/Element;ZLcom/sun/org/apache/xerces/internal/impl/xs/traversers/XSDocumentInfo;Z)[Ljava/lang/Object; 4097 14585 6584 0 -1
ciMethod com/sun/org/apache/xerces/internal/impl/xs/traversers/XSAttributeChecker validate ([Ljava/lang/Object;Ljava/lang/String;Ljava/lang/String;ILcom/sun/org/apache/xerces/internal/impl/xs/traversers/XSDocumentInfo;)Ljava/lang/Object; 1025 1 136 0 -1
ciMethod com/sun/org/apache/xerces/internal/impl/xs/traversers/XSAttributeChecker reportSchemaFatalError (Ljava/lang/String;[Ljava/lang/Object;Lorg/w3c/dom/Element;)V 0 0 1 0 -1
ciMethod com/sun/org/apache/xerces/internal/impl/xs/traversers/XSAttributeChecker reportSchemaError (Ljava/lang/String;[Ljava/lang/Object;Lorg/w3c/dom/Element;)V 0 0 1 0 -1
ciMethod com/sun/org/apache/xerces/internal/impl/xs/traversers/XSAttributeChecker getAvailableArray ()[Ljava/lang/Object; 4097 1 6584 0 -1
ciMethod com/sun/org/apache/xerces/internal/impl/xs/traversers/XSAttributeChecker returnAttrArray ([Ljava/lang/Object;Lcom/sun/org/apache/xerces/internal/impl/xs/traversers/XSDocumentInfo;)V 4097 1 18489 0 -1
ciMethod com/sun/org/apache/xerces/internal/impl/xs/traversers/XSAttributeChecker resolveNamespace (Lorg/w3c/dom/Element;[Lorg/w3c/dom/Attr;Lcom/sun/org/apache/xerces/internal/impl/xs/SchemaNamespaceSupport;)V 4097 3721 6584 0 -1
ciMethod com/sun/org/apache/xerces/internal/impl/xs/util/XInt intValue ()I 809 1 101 0 -1
ciMethod com/sun/org/apache/xerces/internal/impl/xs/util/XInt shortValue ()S 761 1 103 0 -1
ciMethod com/sun/org/apache/xerces/internal/impl/xs/traversers/Container get (Ljava/lang/String;)Lcom/sun/org/apache/xerces/internal/impl/xs/traversers/OneAttr; 0 0 1 0 -1
ciMethod com/sun/org/apache/xerces/internal/impl/xs/traversers/XSDAbstractTraverser traverseAnnotationDecl (Lorg/w3c/dom/Element;[Ljava/lang/Object;ZLcom/sun/org/apache/xerces/internal/impl/xs/traversers/XSDocumentInfo;)Lcom/sun/org/apache/xerces/internal/impl/xs/XSAnnotationImpl; 601 1 76 0 -1
ciMethod com/sun/org/apache/xerces/internal/impl/xs/traversers/XSDAbstractTraverser traverseSyntheticAnnotation (Lorg/w3c/dom/Element;Ljava/lang/String;[Ljava/lang/Object;ZLcom/sun/org/apache/xerces/internal/impl/xs/traversers/XSDocumentInfo;)Lcom/sun/org/apache/xerces/internal/impl/xs/XSAnnotationImpl; 0 0 1 0 -1
ciMethod com/sun/org/apache/xerces/internal/impl/xs/traversers/XSDAbstractTraverser traverseFacets (Lorg/w3c/dom/Element;Lcom/sun/org/apache/xerces/internal/impl/dv/XSSimpleType;Lcom/sun/org/apache/xerces/internal/impl/xs/traversers/XSDocumentInfo;)Lcom/sun/org/apache/xerces/internal/impl/xs/traversers/XSDAbstractTraverser$FacetInfo; 273 483329 40 0 -1
ciMethod com/sun/org/apache/xerces/internal/impl/xs/traversers/XSDAbstractTraverser containsQName (Lcom/sun/org/apache/xerces/internal/impl/dv/XSSimpleType;)Z 273 1 40 0 -1
ciMethod com/sun/org/apache/xerces/internal/impl/xs/traversers/XSDAbstractTraverser reportSchemaError (Ljava/lang/String;[Ljava/lang/Object;Lorg/w3c/dom/Element;)V 0 0 1 0 -1
ciMethod com/sun/org/apache/xerces/internal/impl/xs/SchemaNamespaceSupport <init> (Lcom/sun/org/apache/xerces/internal/impl/xs/SchemaNamespaceSupport;)V 105 1 13 0 -1
ciMethod com/sun/org/apache/xerces/internal/impl/xs/util/XSObjectListImpl <init> ()V 505 1 70 0 0
ciMethod com/sun/org/apache/xerces/internal/impl/xs/util/XSObjectListImpl getLength ()I 0 0 1 0 -1
ciMethod com/sun/org/apache/xerces/internal/impl/xs/util/XSObjectListImpl addXSObject (Lcom/sun/org/apache/xerces/internal/xs/XSObject;)V 4097 1 13950 0 704
ciMethod com/sun/org/apache/xerces/internal/impl/xs/util/XSObjectListImpl addXSObject (ILcom/sun/org/apache/xerces/internal/xs/XSObject;)V 0 0 1 0 -1
ciMethod com/sun/org/apache/xerces/internal/impl/xs/traversers/XSDAbstractTraverser$FacetInfo <init> (Lcom/sun/org/apache/xerces/internal/impl/dv/XSFacets;Lorg/w3c/dom/Element;SS)V 265 1 39 0 -1
ciMethodData com/sun/org/apache/xerces/internal/util/DOMUtil getLocalName (Lorg/w3c/dom/Node;)Ljava/lang/String; 2 60068 orig 264 152 82 158 101 0 0 0 0 208 100 91 25 0 0 0 0 224 1 0 0 80 0 0 0 0 0 0 0 0 0 0 0 0 0 0 0 0 0 0 0 0 0 0 0 0 0 0 0 0 0 0 0 0 0 0 0 0 0 0 0 0 0 0 0 0 0 0 0 0 0 0 0 0 0 0 0 0 0 0 0 77 68 79 32 101 120 116 114 97 32 100 97 116 97 32 108 111 99 107 0 0 0 0 0 0 0 0 0 0 0 0 0 0 0 0 0 0 0 0 0 0 0 0 0 0 0 0 0 0 0 0 0 0 0 0 0 0 0 0 0 0 0 0 0 0 0 0 0 0 0 0 0 0 0 0 0 0 0 0 0 0 0 0 0 0 0 0 0 0 0 0 0 0 0 0 0 0 0 0 0 0 0 0 0 0 0 0 0 0 0 0 0 0 0 0 0 0 0 0 0 0 0 0 0 0 0 0 0 0 0 0 0 0 0 0 0 0 2 0 0 33 69 7 0 1 0 0 0 0 0 0 0 0 0 0 0 2 0 0 0 0 0 6 0 2 0 0 0 152 0 0 0 255 255 255 255 5 0 1 0 0 0 0 0 data 19 0x10005 0x0 0x17477b80 0xe89e 0x17477c30 0x6 0x80007 0x0 0x38 0xe8a4 0xc0003 0xe8a4 0x48 0x100005 0x0 0x0 0x0 0x0 0x0 oops 2 2 com/sun/org/apache/xerces/internal/impl/xs/opti/ElementImpl 4 com/sun/org/apache/xerces/internal/impl/xs/opti/AttrImpl
ciMethodData com/sun/org/apache/xerces/internal/impl/dv/xs/XSSimpleTypeDecl getVariety ()S 2 53905 orig 264 152 82 158 101 0 0 0 0 72 216 79 25 0 0 0 0 88 1 0 0 0 0 0 0 0 0 0 0 0 0 0 0 0 0 0 0 0 0 0 0 0 0 0 0 0 0 0 0 0 0 0 0 0 0 0 0 0 0 0 0 0 0 0 0 0 0 0 0 0 0 0 0 0 0 0 0 0 0 0 0 77 68 79 32 101 120 116 114 97 32 100 97 116 97 32 108 111 99 107 0 0 0 0 0 0 0 0 0 0 0 0 0 0 0 0 0 0 0 0 0 0 0 0 0 0 0 0 0 0 0 0 0 0 0 0 0 0 0 0 0 0 0 0 0 0 0 0 0 0 0 0 0 0 0 0 0 0 0 0 0 0 0 0 0 0 0 0 0 0 0 0 0 0 0 0 0 0 0 0 0 0 0 0 0 0 0 0 0 0 0 0 0 0 0 0 0 0 0 0 0 0 0 0 0 0 0 0 0 0 0 0 0 0 0 0 0 0 2 0 0 137 132 6 0 1 0 0 0 0 0 0 0 0 0 0 0 2 0 0 0 0 0 6 0 2 0 0 0 56 0 0 0 255 255 255 255 7 0 4 0 0 0 0 0 data 7 0x40007 0xd091 0x38 0x0 0x80003 0x0 0x18 oops 0
ciMethodData com/sun/org/apache/xerces/internal/impl/dv/xs/XSSimpleTypeDecl getPrimitiveKind ()S 2 13976 orig 264 152 82 158 101 0 0 0 0 0 219 79 25 0 0 0 0 224 1 0 0 128 0 0 0 0 0 0 0 0 0 0 0 0 0 0 0 0 0 0 0 0 0 0 0 0 0 0 0 0 0 0 0 0 0 0 0 0 0 0 0 0 0 0 0 0 0 0 0 0 0 0 0 0 0 0 0 0 0 0 0 77 68 79 32 101 120 116 114 97 32 100 97 116 97 32 108 111 99 107 0 0 0 0 0 0 0 0 0 0 0 0 0 0 0 0 0 0 0 0 0 0 0 0 0 0 0 0 0 0 0 0 0 0 0 0 0 0 0 0 0 0 0 0 0 0 0 0 0 0 0 0 0 0 0 0 0 0 0 0 0 0 0 0 0 0 0 0 0 0 0 0 0 0 0 0 0 0 0 0 0 0 0 0 0 0 0 0 0 0 0 0 0 0 0 0 0 0 0 0 0 0 0 0 0 0 0 0 0 0 0 0 0 0 0 0 0 0 2 0 0 193 164 1 0 1 0 0 0 0 0 0 0 0 0 0 0 2 0 0 0 0 0 17 0 2 0 0 0 192 0 0 0 255 255 255 255 7 0 5 0 0 0 0 0 data 24 0x50007 0x0 0xc0 0x3498 0xc0007 0x0 0xa0 0x3498 0x150007 0x0 0x60 0x3498 0x1e0007 0x0 0x40 0x3498 0x270007 0x3498 0x20 0x0 0x320007 0x3498 0x20 0x0 oops 0
ciMethodData com/sun/org/apache/xerces/internal/impl/xs/util/XSObjectListImpl addXSObject (Lcom/sun/org/apache/xerces/internal/xs/XSObject;)V 2 13950 orig 264 152 82 158 101 0 0 0 0 8 211 95 25 0 0 0 0 176 1 0 0 32 0 0 0 0 0 0 0 0 0 0 0 0 0 0 0 0 0 0 0 0 0 0 0 0 0 0 0 0 0 0 0 0 0 0 0 0 0 0 0 0 0 0 0 0 0 0 0 0 0 0 0 0 0 0 0 0 0 0 0 77 68 79 32 101 120 116 114 97 32 100 97 116 97 32 108 111 99 107 0 0 0 0 0 0 0 0 0 0 0 0 0 0 0 0 0 0 0 0 0 0 0 0 0 0 0 0 0 0 0 0 0 0 0 0 0 0 0 0 0 0 0 0 0 0 0 0 0 0 0 0 0 0 0 0 0 0 0 0 0 0 0 0 0 0 0 0 0 0 0 0 0 0 0 0 0 0 0 0 0 0 0 0 0 0 0 0 0 0 0 0 0 0 0 0 0 0 0 0 0 0 0 0 0 0 0 0 0 0 0 0 0 0 0 0 0 0 2 0 0 241 163 1 0 1 0 0 0 0 0 0 0 0 0 0 0 2 0 0 0 0 0 6 0 2 0 0 0 96 0 0 0 255 255 255 255 7 0 9 0 0 0 0 0 data 12 0x90007 0x275e 0x30 0xd20 0x210002 0xd20 0x390104 0x0 0x0 0x0 0x0 0x0 oops 0
ciMethodData com/sun/org/apache/xerces/internal/impl/xs/traversers/XSDAbstractTraverser traverseFacets (Lorg/w3c/dom/Element;Lcom/sun/org/apache/xerces/internal/impl/dv/XSSimpleType;Lcom/sun/org/apache/xerces/internal/impl/xs/traversers/XSDocumentInfo;)Lcom/sun/org/apache/xerces/internal/impl/xs/traversers/XSDAbstractTraverser$FacetInfo; 2 101376 orig 264 152 82 158 101 0 0 0 0 16 167 93 25 0 0 0 0 32 33 0 0 24 31 0 0 0 0 0 0 0 0 0 0 0 0 0 0 0 0 0 0 0 0 0 0 0 0 0 0 0 0 0 0 0 0 0 0 0 0 0 0 0 0 0 0 0 0 0 0 0 0 0 0 0 0 0 0 0 0 0 0 77 68 79 32 101 120 116 114 97 32 100 97 116 97 32 108 111 99 107 0 0 0 0 0 0 0 0 0 0 0 0 0 0 0 0 0 0 0 0 0 0 0 0 0 0 0 0 0 0 0 0 0 0 0 0 0 0 0 0 0 0 0 0 0 0 0 0 0 0 0 0 0 0 0 0 0 0 0 0 0 0 0 0 0 0 0 0 0 0 0 0 0 0 0 0 0 0 0 0 0 0 0 0 0 0 0 0 0 0 0 0 0 0 0 0 0 0 0 0 0 0 0 0 0 0 0 0 0 0 0 0 0 0 0 0 0 0 236 0 0 49 0 0 0 1 0 5 0 0 0 0 0 0 0 0 0 2 0 0 0 1 0 184 0 2 0 0 0 136 31 0 0 255 255 255 255 2 0 8 0 0 0 0 0 data 1009 0x80002 0x6 0x180007 0x6 0x48 0x0 0x1f0002 0x0 0x220003 0x0 0x18 0x2f0005 0x0 0x187f1630 0x6 0x0 0x0 0x330007 0x6 0x1e50 0x9c00 0x3a0002 0x9c00 0x440005 0x0 0x14ba54a0 0x9c00 0x0 0x0 0x470007 0x8 0x868 0x9bf8 0x530005 0x0 0x187f16e0 0x9bf8 0x0 0x0 0x5e0004 0x0 0x14ba54a0 0x9bf8 0x0 0x0 0x650007 0x9bf8 0x108 0x0 0x740004 0x0 0x0 0x0 0x0 0x0 0x7a0004 0x0 0x0 0x0 0x0 0x0 0x7c0005 0x0 0x0 0x0 0x0 0x0 0x860005 0x0 0x0 0x0 0x0 0x0 0x8a0002 0x0 0x8e0003 0x0 0xfffffffffffffe30 0x970104 0x0 0x0 0x0 0x0 0x0 0x9d0005 0x0 0x187f1790 0x9bf8 0x0 0x0 0xa30007 0x0 0x280 0x9bf8 0xa70005 0x0 0x187f1790 0x9bf8 0x0 0x0 0xae0007 0x9bf8 0x230 0x0 0xb70005 0x0 0x0 0x0 0x0 0x0 0xc70005 0x0 0x0 0x0 0x0 0x0 0xcc0004 0x0 0x0 0x0 0x0 0x0 0xdb0005 0x0 0x0 0x0 0x0 0x0 0xe00003 0x0 0xa8 0xe80005 0x0 0x0 0x0 0x0 0x0 0xed0005 0x0 0x0 0x0 0x0 0x0 0xf10005 0x0 0x0 0x0 0x0 0x0 0xf60007 0x0 0x78 0x0 0x1000005 0x0 0x0 0x0 0x0 0x0 0x1040002 0x0 0x1080003 0x0 0xfffffffffffffb80 0x1130005 0x0 0x0 0x0 0x0 0x0 0x1180007 0x9bf3 0x40 0x5 0x11f0002 0x5 0x1280002 0x5 0x1310005 0x0 0x187f1840 0x9bf8 0x0 0x0 0x1370005 0x0 0x187f18d0 0x9bf8 0x0 0x0 0x13c0007 0x9bf8 0x50 0x0 0x1430005 0x0 0x0 0x0 0x0 0x0 0x1470002 0x9bf8 0x14e0007 0x9bf8 0x138 0x0 0x1530002 0x0 0x1590005 0x0 0x0 0x0 0x0 0x0 0x15c0007 0x0 0xd8 0x0 0x1630005 0x0 0x0 0x0 0x0 0x0 0x16f0005 0x0 0x0 0x0 0x0 0x0 0x1720005 0x0 0x0 0x0 0x0 0x0 0x1770002 0x0 0x17c0003 0x0 0xd8 0x1800002 0x9bf8 0x1870007 0x9bf8 0xb0 0x0 0x18e0005 0x0 0x0 0x0 0x0 0x0 0x19b0005 0x0 0x0 0x0 0x0 0x0 0x19e0005 0x0 0x0 0x0 0x0 0x0 0x1a30007 0x9bf8 0xf0 0x0 0x1b10004 0x0 0x0 0x0 0x0 0x0 0x1b60004 0x0 0x0 0x0 0x0 0x0 0x1bb0002 0x0 0x1be0004 0x0 0x0 0x0 0x0 0x0 0x1c10005 0x0 0x0 0x0 0x0 0x0 0x1c40003 0x9bf8 0x1548 0x1cc0005 0x0 0x14ba54a0 0x8 0x0 0x0 0x1cf0007 0x7 0x590 0x1 0x1e10005 0x0 0x187f16e0 0x1 0x0 0x0 0x1ec0004 0x0 0x14ba54a0 0x1 0x0 0x0 0x1f30007 0x1 0x108 0x0 0x2020004 0x0 0x0 0x0 0x0 0x0 0x2080004 0x0 0x0 0x0 0x0 0x0 0x20a0005 0x0 0x0 0x0 0x0 0x0 0x2140005 0x0 0x0 0x0 0x0 0x0 0x2180002 0x0 0x21c0003 0x0 0xfffffffffffff598 0x2230005 0x0 0x14baf1d0 0x1 0x0 0x0 0x2260007 0x0 0x68 0x1 0x22f0005 0x0 0x14baf1d0 0x1 0x0 0x0 0x2330003 0x1 0x78 0x23c0005 0x0 0x0 0x0 0x0 0x0 0x2460005 0x0 0x0 0x0 0x0 0x0 0x24b0002 0x1 0x2520007 0x1 0x138 0x0 0x2570002 0x0 0x25d0005 0x0 0x0 0x0 0x0 0x0 0x2600007 0x0 0xd8 0x0 0x2650007 0x0 0x30 0x0 0x26c0002 0x0 0x27a0005 0x0 0x0 0x0 0x0 0x0 0x27d0005 0x0 0x0 0x0 0x0 0x0 0x2820002 0x0 0x2870003 0x0 0xd8 0x28b0002 0x1 0x2920007 0x1 0xb0 0x0 0x2970007 0x0 0x30 0x0 0x29e0002 0x0 0x2ad0005 0x0 0x0 0x0 0x0 0x0 0x2b00005 0x0 0x0 0x0 0x0 0x0 0x2b50007 0x1 0xf0 0x0 0x2c30004 0x0 0x0 0x0 0x0 0x0 0x2c80004 0x0 0x0 0x0 0x0 0x0 0x2cd0002 0x0 0x2d00004 0x0 0x0 0x0 0x0 0x0 0x2d30005 0x0 0x0 0x0 0x0 0x0 0x2d60003 0x1 0xf88 0x2de0005 0x0 0x14ba54a0 0x7 0x0 0x0 0x2e10007 0x7 0x38 0x0 0x2e70003 0x0 0x3a8 0x2ef0005 0x0 0x14ba54a0 0x7 0x0 0x0 0x2f20007 0x7 0x38 0x0 0x2f80003 0x0 0x340 0x3000005 0x0 0x14ba54a0 0x7 0x0 0x0 0x3030007 0x7 0x38 0x0 0x30a0003 0x0 0x2d8 0x3120005 0x0 0x14ba54a0 0x7 0x0 0x0 0x3150007 0x7 0x38 0x0 0x31c0003 0x0 0x270 0x3240005 0x0 0x14ba54a0 0x7 0x0 0x0 0x3270007 0x7 0x38 0x0 0x32f0003 0x0 0x208 0x3370005 0x0 0x14ba54a0 0x7 0x0 0x0 0x33a0007 0x7 0x38 0x0 0x3420003 0x0 0x1a0 0x34a0005 0x0 0x14ba54a0 0x7 0x0 0x0 0x34d0007 0x7 0x38 0x0 0x3550003 0x0 0x138 0x35d0005 0x0 0x14ba54a0 0x7 0x0 0x0 0x3600007 0x7 0x38 0x0 0x3680003 0x0 0xd0 0x3700005 0x0 0x14ba54a0 0x7 0x0 0x0 0x3730007 0x1 0x38 0x6 0x37a0003 0x6 0x68 0x3820005 0x0 0x14ba54a0 0x1 0x0 0x0 0x3850007 0x0 0xbf0 0x1 0x3920005 0x0 0x187f16e0 0x7 0x0 0x0 0x39c0007 0x7 0xd8 0x0 0x3aa0004 0x0 0x0 0x0 0x0 0x0 0x3ac0005 0x0 0x0 0x0 0x0 0x0 0x3b60005 0x0 0x0 0x0 0x0 0x0 0x3ba0002 0x0 0x3be0003 0x0 0xffffffffffffec90 0x3c70007 0x7 0x188 0x0 0x3ce0005 0x0 0x0 0x0 0x0 0x0 0x3d30007 0x0 0xe0 0x0 0x3e00005 0x0 0x0 0x0 0x0 0x0 0x3e50004 0x0 0x0 0x0 0x0 0x0 0x3eb0004 0x0 0x0 0x0 0x0 0x0 0x3ed0005 0x0 0x0 0x0 0x0 0x0 0x3f70005 0x0 0x0 0x0 0x0 0x0 0x3fb0002 0x0 0x3ff0003 0x0 0xffffffffffffeb08 0x4100004 0x0 0x14baff10 0x7 0x0 0x0 0x4130005 0x0 0x14baff10 0x7 0x0 0x0 0x4160007 0x7 0x20 0x0 0x4230008 0x16 0x0 0x498 0x0 0x438 0x0 0xc0 0x0 0x138 0x0 0x3c0 0x0 0x1f8 0x0 0x1b0 0x0 0x240 0x0 0x288 0x0 0x2d0 0x0 0x348 0x4860004 0x0 0x0 0x0 0x0 0x0 0x4890005 0x0 0x0 0x0 0x0 0x0 0x48f0003 0x0 0x378 0x49c0004 0x0 0x0 0x0 0x0 0x0 0x49f0005 0x0 0x0 0x0 0x0 0x0 0x4a50003 0x0 0x300 0x4b20004 0x0 0x0 0x0 0x0 0x0 0x4b80003 0x0 0x2b8 0x4c50004 0x0 0x0 0x0 0x0 0x0 0x4cb0003 0x0 0x270 0x4d80004 0x0 0x0 0x0 0x0 0x0 0x4de0003 0x0 0x228 0x4eb0004 0x0 0x0 0x0 0x0 0x0 0x4f10003 0x0 0x1e0 0x4fe0004 0x0 0x0 0x0 0x0 0x0 0x5010005 0x0 0x0 0x0 0x0 0x0 0x5070003 0x0 0x168 0x5140004 0x0 0x0 0x0 0x0 0x0 0x5170005 0x0 0x0 0x0 0x0 0x0 0x51d0003 0x0 0xf0 0x52a0004 0x0 0x187f1980 0x6 0x0 0x0 0x52d0005 0x0 0x187f1980 0x6 0x0 0x0 0x5330003 0x6 0x78 0x5400004 0x0 0x187f1980 0x1 0x0 0x0 0x5430005 0x0 0x187f1980 0x1 0x0 0x0 0x54a0002 0x7 0x5540007 0x7 0xd8 0x0 0x5590002 0x0 0x55f0005 0x0 0x0 0x0 0x0 0x0 0x5620007 0x0 0x78 0x0 0x56c0005 0x0 0x0 0x0 0x0 0x0 0x5730002 0x0 0x5780003 0x0 0x78 0x57c0002 0x7 0x5830007 0x7 0x50 0x0 0x58e0005 0x0 0x0 0x0 0x0 0x0 0x5950008 0x16 0x0 0x198 0x0 0x198 0x0 0xc0 0x0 0xd8 0x0 0x180 0x0 0x108 0x0 0xf0 0x0 0x120 0x0 0x138 0x0 0x150 0x0 0x168 0x5f90003 0x0 0xd8 0x6050003 0x0 0xc0 0x6110003 0x0 0xa8 0x61d0003 0x0 0x90 0x6290003 0x0 0x78 0x6350003 0x0 0x60 0x6410003 0x0 0x48 0x64d0003 0x0 0x30 0x6590003 0x6 0x18 0x6670007 0x7 0xf0 0x0 0x6750004 0x0 0x0 0x0 0x0 0x0 0x67a0004 0x0 0x0 0x0 0x0 0x0 0x67f0002 0x0 0x6820004 0x0 0x0 0x0 0x0 0x0 0x6850005 0x0 0x0 0x0 0x0 0x0 0x68f0005 0x0 0x187f16e0 0x9c00 0x0 0x0 0x6930002 0x9c00 0x6970003 0x9bff 0xffffffffffffe1c8 0x69c0007 0x1 0x20 0x5 0x6c80007 0x5 0x50 0x1 0x6d30005 0x0 0x14baf1d0 0x1 0x0 0x0 0x6e70005 0x0 0x14baf1d0 0x6 0x0 0x0 0x6f70002 0x6 oops 33 13 com/sun/org/apache/xerces/internal/impl/dv/XSFacets 25 java/lang/String 35 com/sun/org/apache/xerces/internal/impl/xs/traversers/XSAttributeChecker 41 java/lang/String 86 com/sun/org/apache/xerces/internal/impl/dv/xs/XSSimpleTypeDecl 96 com/sun/org/apache/xerces/internal/impl/dv/xs/XSSimpleTypeDecl 180 java/util/Vector 186 com/sun/org/apache/xerces/internal/impl/xs/util/XSObjectListImpl 300 java/lang/String 310 com/sun/org/apache/xerces/internal/impl/xs/traversers/XSAttributeChecker 316 java/lang/String 355 java/lang/StringBuffer 365 java/lang/StringBuffer 484 java/lang/String 497 java/lang/String 510 java/lang/String 523 java/lang/String 536 java/lang/String 549 java/lang/String 562 java/lang/String 575 java/lang/String 588 java/lang/String 601 java/lang/String 611 com/sun/org/apache/xerces/internal/impl/xs/traversers/XSAttributeChecker 693 java/lang/Boolean 699 java/lang/Boolean 829 com/sun/org/apache/xerces/internal/impl/xs/util/XInt 835 com/sun/org/apache/xerces/internal/impl/xs/util/XInt 844 com/sun/org/apache/xerces/internal/impl/xs/util/XInt 850 com/sun/org/apache/xerces/internal/impl/xs/util/XInt 978 com/sun/org/apache/xerces/internal/impl/xs/traversers/XSAttributeChecker 997 java/lang/StringBuffer 1003 java/lang/StringBuffer
ciMethodData com/sun/org/apache/xerces/internal/impl/xs/util/XSObjectListImpl <init> ()V 1 70 orig 264 152 82 158 101 0 0 0 0 8 207 95 25 0 0 0 0 48 1 0 0 0 0 0 0 0 0 0 0 0 0 0 0 0 0 0 0 0 0 0 0 0 0 0 0 0 0 0 0 0 0 0 0 0 0 0 0 0 0 0 0 0 0 0 0 0 0 0 0 0 0 0 0 0 0 0 0 0 0 0 0 77 68 79 32 101 120 116 114 97 32 100 97 116 97 32 108 111 99 107 0 0 0 0 0 0 0 0 0 0 0 0 0 0 0 0 0 0 0 0 0 0 0 0 0 0 0 0 0 0 0 0 0 0 0 0 0 0 0 0 0 0 0 0 0 0 0 0 0 0 0 0 0 0 0 0 0 0 0 0 0 0 0 0 0 0 0 0 0 0 0 0 0 0 0 0 0 0 0 0 0 0 0 0 0 0 0 0 0 0 0 0 0 0 0 0 0 0 0 0 0 0 0 0 0 0 0 0 0 0 0 0 0 0 0 0 0 63 0 0 0 57 0 0 0 1 0 0 0 0 0 0 0 0 0 0 0 2 0 0 0 0 0 0 0 0 0 0 0 16 0 0 0 255 255 255 255 2 0 1 0 0 0 0 0 data 2 0x10002 0x7 oops 0
instanceKlass com/sun/org/apache/xerces/internal/impl/dv/xs/XSSimpleTypeDecl$ValidationContextImpl
instanceKlass com/sun/org/apache/xerces/internal/xs/ShortList
instanceKlass sun/net/www/http/KeepAliveEntry
instanceKlass sun/net/www/http/KeepAliveCache$1
instanceKlass com/sun/org/apache/xerces/internal/impl/ExternalSubsetResolver
instanceKlass sun/net/www/http/KeepAliveStreamCleaner$2
instanceKlass sun/net/www/http/KeepAliveStreamCleaner$1
instanceKlass sun/net/www/http/Hurryable
instanceKlass sun/net/www/HeaderParser
instanceKlass java/net/Socket$2
instanceKlass sun/net/www/protocol/http/AuthCacheImpl
instanceKlass sun/net/www/protocol/http/AuthCache
instanceKlass sun/net/www/protocol/http/AuthCacheValue
instanceKlass java/net/Socket$3
instanceKlass sun/net/NetHooks
instanceKlass java/net/SocksSocketImpl$3
instanceKlass java/net/InetAddress$CacheEntry
instanceKlass sun/net/InetAddressCachePolicy$2
instanceKlass sun/net/InetAddressCachePolicy$1
instanceKlass sun/net/InetAddressCachePolicy
instanceKlass java/net/Inet4AddressImpl
instanceKlass java/net/InetSocketAddress$InetSocketAddressHolder
instanceKlass java/net/SocketAddress
instanceKlass sun/misc/FloatingDecimal$ASCIIToBinaryBuffer
instanceKlass java/net/PlainSocketImpl$1
instanceKlass java/net/AbstractPlainSocketImpl$1
instanceKlass java/net/SocketImpl
instanceKlass java/net/SocketOptions
instanceKlass java/net/SocksConsts
instanceKlass java/net/Socket
instanceKlass sun/net/www/http/HttpCapture$1
instanceKlass sun/net/www/http/HttpCapture
instanceKlass sun/net/www/http/KeepAliveKey
instanceKlass sun/net/NetworkClient$1
instanceKlass sun/net/NetworkClient
instanceKlass java/net/Proxy
instanceKlass sun/net/spi/DefaultProxySelector$3
instanceKlass sun/net/spi/DefaultProxySelector$NonProxyInfo
instanceKlass sun/net/spi/DefaultProxySelector$1
instanceKlass java/net/ProxySelector
instanceKlass sun/net/www/protocol/http/HttpURLConnection$7
instanceKlass java/net/ResponseCache
instanceKlass sun/net/www/protocol/http/HttpURLConnection$3
instanceKlass java/net/CookieHandler
instanceKlass sun/net/www/protocol/http/HttpURLConnection$2
instanceKlass java/util/logging/Logger$1
instanceKlass sun/net/NetProperties$1
instanceKlass sun/net/NetProperties
instanceKlass java/lang/invoke/LambdaForm$MH
instanceKlass sun/net/www/protocol/http/HttpURLConnection$$Lambda$1
instanceKlass java/lang/invoke/InfoFromMemberName
instanceKlass java/lang/invoke/MethodHandleInfo
instanceKlass sun/security/util/SecurityConstants
instanceKlass java/security/AccessController$1
instanceKlass java/lang/invoke/AbstractValidatingLambdaMetafactory
instanceKlass java/lang/invoke/LambdaForm$BMH
instanceKlass java/lang/invoke/LambdaForm$BMH
instanceKlass java/lang/invoke/LambdaForm$BMH
instanceKlass java/lang/invoke/LambdaForm$BMH
instanceKlass jdk/internal/org/objectweb/asm/FieldVisitor
instanceKlass java/lang/invoke/BoundMethodHandle$Factory$1
instanceKlass java/lang/invoke/BoundMethodHandle$SpeciesData$1
instanceKlass java/lang/invoke/LambdaForm$BMH
instanceKlass java/lang/invoke/LambdaForm$MH
instanceKlass java/lang/invoke/LambdaForm$BMH
instanceKlass java/lang/invoke/LambdaForm$MH
instanceKlass java/lang/invoke/LambdaForm$DMH
instanceKlass java/lang/invoke/LambdaForm$DMH
instanceKlass java/lang/invoke/LambdaForm$BMH
instanceKlass java/lang/invoke/LambdaForm$BMH
instanceKlass java/lang/invoke/LambdaForm$MH
instanceKlass java/lang/invoke/LambdaFormBuffer
instanceKlass java/lang/invoke/LambdaFormEditor
instanceKlass java/lang/invoke/LambdaForm$BMH
instanceKlass java/lang/invoke/LambdaForm$DMH
instanceKlass java/lang/invoke/LambdaForm$DMH
instanceKlass java/lang/invoke/LambdaForm$DMH
instanceKlass java/lang/invoke/LambdaForm$DMH
instanceKlass java/lang/invoke/LambdaForm$MH
instanceKlass java/lang/invoke/LambdaForm$DMH
instanceKlass java/lang/invoke/LambdaForm$DMH
instanceKlass java/lang/invoke/LambdaForm$MH
instanceKlass java/lang/invoke/LambdaForm$DMH
instanceKlass java/lang/invoke/LambdaForm$DMH
instanceKlass java/lang/invoke/LambdaForm$MH
instanceKlass java/lang/invoke/LambdaForm$DMH
instanceKlass java/lang/invoke/LambdaForm$DMH
instanceKlass java/lang/invoke/LambdaForm$MH
instanceKlass java/lang/invoke/LambdaForm$DMH
instanceKlass java/lang/invoke/LambdaForm$DMH
instanceKlass java/lang/invoke/LambdaForm$MH
instanceKlass java/lang/invoke/LambdaForm$DMH
instanceKlass java/lang/invoke/LambdaForm$MH
instanceKlass java/lang/invoke/LambdaForm$DMH
instanceKlass java/lang/invoke/LambdaForm$DMH
instanceKlass java/lang/invoke/LambdaForm$MH
instanceKlass java/lang/invoke/LambdaForm$DMH
instanceKlass java/lang/invoke/LambdaForm$DMH
instanceKlass java/lang/invoke/LambdaForm$MH
instanceKlass java/lang/invoke/LambdaForm$DMH
instanceKlass java/lang/invoke/LambdaForm$MH
instanceKlass java/lang/invoke/LambdaForm$DMH
instanceKlass java/lang/invoke/LambdaForm$MH
instanceKlass java/lang/invoke/LambdaForm$DMH
instanceKlass java/lang/invoke/LambdaForm$DMH
instanceKlass java/lang/invoke/MethodHandleImpl$Lazy
instanceKlass java/lang/invoke/LambdaForm$BMH
instanceKlass java/lang/invoke/LambdaForm$MH
instanceKlass java/lang/invoke/LambdaForm$DMH
instanceKlass java/lang/invoke/LambdaForm$DMH
instanceKlass java/lang/invoke/LambdaForm$DMH
instanceKlass java/lang/invoke/LambdaForm$DMH
instanceKlass java/lang/invoke/LambdaForm$DMH
instanceKlass java/util/SubList$1
instanceKlass java/lang/invoke/LambdaForm$MH
instanceKlass java/lang/invoke/LambdaForm$MH
instanceKlass java/lang/invoke/LambdaForm$MH
instanceKlass java/lang/invoke/LambdaForm$MH
instanceKlass java/lang/invoke/LambdaForm$MH
instanceKlass java/lang/invoke/LambdaForm$MH
instanceKlass java/lang/invoke/LambdaForm$MH
instanceKlass java/lang/invoke/LambdaForm$MH
instanceKlass java/lang/invoke/LambdaForm$MH
instanceKlass java/lang/invoke/LambdaForm$MH
instanceKlass java/lang/invoke/LambdaForm$MH
instanceKlass java/lang/invoke/LambdaForm$MH
instanceKlass java/lang/invoke/InvokerBytecodeGenerator$CpPatch
instanceKlass java/lang/invoke/LambdaForm$DMH
instanceKlass java/lang/invoke/LambdaForm$DMH
instanceKlass java/lang/invoke/LambdaForm$DMH
instanceKlass java/lang/invoke/LambdaForm$DMH
instanceKlass java/lang/invoke/LambdaForm$DMH
instanceKlass java/lang/invoke/LambdaForm$DMH
instanceKlass sun/invoke/empty/Empty
instanceKlass sun/invoke/util/VerifyType
instanceKlass java/lang/invoke/InvokerBytecodeGenerator$2
instanceKlass jdk/internal/org/objectweb/asm/AnnotationVisitor
instanceKlass jdk/internal/org/objectweb/asm/Frame
instanceKlass jdk/internal/org/objectweb/asm/Label
instanceKlass jdk/internal/org/objectweb/asm/Type
instanceKlass jdk/internal/org/objectweb/asm/MethodVisitor
instanceKlass jdk/internal/org/objectweb/asm/Item
instanceKlass jdk/internal/org/objectweb/asm/ByteVector
instanceKlass jdk/internal/org/objectweb/asm/ClassVisitor
instanceKlass java/lang/invoke/InvokerBytecodeGenerator
instanceKlass java/lang/invoke/DirectMethodHandle$Lazy
instanceKlass sun/invoke/util/BytecodeDescriptor
instanceKlass java/lang/invoke/BoundMethodHandle$Factory
instanceKlass java/lang/invoke/BoundMethodHandle$SpeciesData
instanceKlass java/lang/invoke/LambdaForm$NamedFunction
instanceKlass java/lang/invoke/LambdaForm$Name
instanceKlass sun/invoke/util/ValueConversions
instanceKlass sun/invoke/util/VerifyAccess
instanceKlass java/lang/Short$ShortCache
instanceKlass java/lang/Byte$ByteCache
instanceKlass sun/invoke/util/Wrapper$Format
instanceKlass java/lang/invoke/MethodHandles
instanceKlass java/lang/invoke/Invokers
instanceKlass java/lang/invoke/MethodTypeForm
instanceKlass java/lang/invoke/MethodType$ConcurrentWeakInternSet
instanceKlass java/lang/invoke/MethodHandles$Lookup
instanceKlass java/lang/invoke/LambdaMetafactory
instanceKlass sun/security/action/GetIntegerAction
instanceKlass com/sun/org/apache/xerces/internal/impl/dtd/models/CMStateSet
instanceKlass com/sun/org/apache/xerces/internal/impl/xs/models/XSDFACM
instanceKlass com/sun/org/apache/xerces/internal/impl/dtd/models/CMNode
instanceKlass com/sun/org/apache/xerces/internal/impl/xs/XSConstraints$1
instanceKlass com/sun/org/apache/xerces/internal/impl/xs/XSConstraints
instanceKlass com/sun/org/apache/xerces/internal/impl/xs/traversers/XSDAbstractTraverser$FacetInfo
instanceKlass com/sun/org/apache/xerces/internal/xs/datatypes/XSQName
instanceKlass com/sun/org/apache/xerces/internal/impl/xs/XSModelGroupImpl
instanceKlass com/sun/org/apache/xerces/internal/xs/XSModelGroup
instanceKlass com/sun/org/apache/xerces/internal/impl/xs/XSAttributeUseImpl
instanceKlass com/sun/org/apache/xerces/internal/xs/XSAttributeUse
instanceKlass com/sun/org/apache/xerces/internal/impl/xs/XSAttributeGroupDecl
instanceKlass com/sun/org/apache/xerces/internal/xs/XSAttributeGroupDefinition
instanceKlass com/sun/org/apache/xerces/internal/impl/xs/util/XSObjectListImpl$1
instanceKlass com/sun/org/apache/xerces/internal/xs/XSObjectList
instanceKlass com/sun/org/apache/xerces/internal/impl/xs/XSAnnotationImpl
instanceKlass com/sun/org/apache/xerces/internal/xs/XSAnnotation
instanceKlass com/sun/org/apache/xerces/internal/impl/xs/opti/NamedNodeMapImpl
instanceKlass org/w3c/dom/NamedNodeMap
instanceKlass com/sun/org/apache/xerces/internal/impl/xs/identity/IdentityConstraint
instanceKlass com/sun/org/apache/xerces/internal/xs/XSIDCDefinition
instanceKlass com/sun/org/apache/xerces/internal/impl/xs/traversers/XSDAbstractParticleTraverser$ParticleArray
instanceKlass com/sun/org/apache/xerces/internal/impl/xs/traversers/XSDAbstractTraverser
instanceKlass com/sun/org/apache/xerces/internal/impl/xs/traversers/Container
instanceKlass com/sun/org/apache/xerces/internal/impl/xs/traversers/OneAttr
instanceKlass com/sun/org/apache/xerces/internal/impl/xs/XSAttributeDecl
instanceKlass com/sun/org/apache/xerces/internal/xs/XSAttributeDeclaration
instanceKlass com/sun/org/apache/xerces/internal/impl/xs/XSGroupDecl
instanceKlass com/sun/org/apache/xerces/internal/xs/XSModelGroupDefinition
instanceKlass com/sun/org/apache/xerces/internal/impl/xs/XSComplexTypeDecl
instanceKlass com/sun/org/apache/xerces/internal/xs/XSComplexTypeDefinition
instanceKlass com/sun/org/apache/xerces/internal/impl/xs/SchemaGrammar
instanceKlass com/sun/org/apache/xerces/internal/xs/XSNamespaceItem
instanceKlass com/sun/org/apache/xerces/internal/xni/grammars/XSGrammar
instanceKlass com/sun/org/apache/xerces/internal/impl/xs/util/XInt
instanceKlass com/sun/org/apache/xerces/internal/impl/xs/util/XIntPool
instanceKlass com/sun/org/apache/xerces/internal/impl/xs/traversers/XSAttributeChecker
instanceKlass com/sun/org/apache/xerces/internal/impl/xs/traversers/XSDHandler$XSDKey
instanceKlass com/sun/org/apache/xerces/internal/util/DOMUtil
instanceKlass com/sun/org/apache/xerces/internal/util/NamespaceSupport$Prefixes
instanceKlass org/w3c/dom/Attr
instanceKlass com/sun/org/apache/xerces/internal/impl/xs/SchemaSymbols
instanceKlass com/sun/org/apache/xerces/internal/impl/xs/opti/DefaultNode
instanceKlass com/sun/org/apache/xerces/internal/parsers/AbstractSAXParser$LocatorProxy
instanceKlass org/xml/sax/ext/Locator2
instanceKlass org/xml/sax/Locator
instanceKlass com/sun/org/apache/xerces/internal/util/XMLSymbols
instanceKlass com/sun/xml/internal/stream/Entity
instanceKlass com/sun/xml/internal/stream/util/BufferAllocator
instanceKlass com/sun/xml/internal/stream/util/ThreadLocalBufferAllocator
instanceKlass com/sun/org/apache/xerces/internal/utils/XMLLimitAnalyzer
instanceKlass com/sun/org/apache/xerces/internal/util/ErrorHandlerProxy
instanceKlass com/sun/org/apache/xerces/internal/util/SAXLocatorWrapper
instanceKlass com/sun/org/apache/xerces/internal/impl/xs/traversers/SchemaContentHandler
instanceKlass org/xml/sax/ContentHandler
instanceKlass com/sun/org/apache/xerces/internal/parsers/AbstractSAXParser$AttributesProxy
instanceKlass org/xml/sax/ext/Attributes2
instanceKlass org/xml/sax/Attributes
instanceKlass org/xml/sax/AttributeList
instanceKlass com/sun/org/apache/xerces/internal/impl/dtd/DTDGrammarBucket
instanceKlass com/sun/org/apache/xerces/internal/impl/dtd/XMLAttributeDecl
instanceKlass com/sun/org/apache/xerces/internal/impl/dtd/XMLSimpleType
instanceKlass com/sun/org/apache/xerces/internal/impl/dtd/XMLElementDecl
instanceKlass com/sun/org/apache/xerces/internal/impl/validation/ValidationState
instanceKlass com/sun/org/apache/xerces/internal/impl/dtd/XMLDTDValidator
instanceKlass com/sun/org/apache/xerces/internal/impl/RevalidationHandler
instanceKlass com/sun/org/apache/xerces/internal/impl/dtd/XMLDTDValidatorFilter
instanceKlass com/sun/org/apache/xerces/internal/xni/parser/XMLDocumentFilter
instanceKlass com/sun/org/apache/xerces/internal/impl/dtd/XMLEntityDecl
instanceKlass com/sun/org/apache/xerces/internal/impl/dtd/XMLDTDProcessor
instanceKlass com/sun/org/apache/xerces/internal/xni/parser/XMLDTDContentModelFilter
instanceKlass com/sun/org/apache/xerces/internal/xni/parser/XMLDTDFilter
instanceKlass com/sun/org/apache/xerces/internal/parsers/XML11Configurable
instanceKlass com/sun/org/apache/xerces/internal/parsers/XMLParser
instanceKlass org/xml/sax/XMLReader
instanceKlass org/xml/sax/Parser
instanceKlass javax/xml/parsers/SAXParser
instanceKlass com/sun/org/apache/xerces/internal/xs/PSVIProvider
instanceKlass com/sun/org/apache/xerces/internal/jaxp/JAXPConstants
instanceKlass com/sun/org/apache/xerces/internal/xni/grammars/Grammar
instanceKlass com/sun/org/apache/xerces/internal/impl/xpath/regex/Token
instanceKlass com/sun/org/apache/xerces/internal/utils/SecuritySupport$7
instanceKlass com/sun/org/apache/xerces/internal/impl/xpath/regex/RegexParser
instanceKlass com/sun/org/apache/xerces/internal/impl/xpath/regex/REUtil
instanceKlass com/sun/org/apache/xerces/internal/impl/xpath/regex/RegularExpression
instanceKlass com/sun/org/apache/xerces/internal/impl/dv/xs/DecimalDV$XDecimal
instanceKlass com/sun/org/apache/xerces/internal/xs/datatypes/XSDecimal
instanceKlass com/sun/org/apache/xerces/internal/util/XMLChar
instanceKlass com/sun/org/apache/xerces/internal/impl/dv/ValidatedInfo
instanceKlass com/sun/org/apache/xerces/internal/impl/dv/XSFacets
instanceKlass com/sun/org/apache/xerces/internal/impl/dv/xs/XSSimpleTypeDecl$4
instanceKlass com/sun/org/apache/xerces/internal/impl/dv/xs/XSSimpleTypeDecl$1
instanceKlass com/sun/org/apache/xerces/internal/impl/dv/ValidationContext
instanceKlass com/sun/org/apache/xerces/internal/util/URI
instanceKlass com/sun/org/apache/xerces/internal/impl/dv/xs/AbstractDateTimeDV$DateTimeData
instanceKlass com/sun/org/apache/xerces/internal/xs/datatypes/XSDateTime
instanceKlass javax/xml/datatype/DatatypeFactory
instanceKlass com/sun/org/apache/xerces/internal/impl/dv/xs/TypeValidator
instanceKlass com/sun/org/apache/xerces/internal/impl/dv/xs/XSSimpleTypeDecl
instanceKlass org/w3c/dom/TypeInfo
instanceKlass com/sun/org/apache/xerces/internal/impl/dv/XSSimpleType
instanceKlass com/sun/org/apache/xerces/internal/xs/XSSimpleTypeDefinition
instanceKlass com/sun/org/apache/xerces/internal/xs/XSTypeDefinition
instanceKlass com/sun/org/apache/xerces/internal/utils/SecuritySupport$3
instanceKlass com/sun/org/apache/xerces/internal/utils/SecuritySupport$2
instanceKlass com/sun/org/apache/xerces/internal/utils/SecuritySupport$1
instanceKlass com/sun/org/apache/xerces/internal/utils/ObjectFactory
instanceKlass com/sun/org/apache/xerces/internal/impl/dv/SchemaDVFactory
instanceKlass javax/xml/transform/stream/StreamSource
instanceKlass com/sun/org/apache/xerces/internal/xni/parser/XMLInputSource
instanceKlass com/sun/org/apache/xerces/internal/util/XMLGrammarPoolImpl$Entry
instanceKlass com/sun/org/apache/xerces/internal/util/XMLGrammarPoolImpl
instanceKlass javax/xml/transform/sax/SAXSource
instanceKlass com/sun/org/apache/xerces/internal/impl/Constants$ArrayEnumeration
instanceKlass com/sun/org/apache/xerces/internal/impl/Constants
instanceKlass jdk/xml/internal/JdkXmlFeatures
instanceKlass com/sun/org/apache/xerces/internal/utils/XMLSecurityPropertyManager
instanceKlass com/sun/org/apache/xerces/internal/jaxp/validation/XMLSchemaFactory$XMLGrammarPoolWrapper
instanceKlass com/sun/org/apache/xerces/internal/xni/grammars/XMLGrammarPool
instanceKlass com/sun/org/apache/xerces/internal/util/DOMEntityResolverWrapper
instanceKlass com/sun/org/apache/xerces/internal/jaxp/validation/DraconianErrorHandler
instanceKlass com/sun/org/apache/xerces/internal/util/ErrorHandlerWrapper
instanceKlass com/sun/org/apache/xerces/internal/impl/xs/opti/SchemaDOMParser$BooleanStack
instanceKlass com/sun/org/apache/xerces/internal/impl/msg/XMLMessageFormatter
instanceKlass com/sun/org/apache/xerces/internal/impl/XMLVersionDetector
instanceKlass com/sun/org/apache/xerces/internal/impl/validation/ValidationManager
instanceKlass com/sun/org/apache/xerces/internal/impl/dv/dtd/NMTOKENDatatypeValidator
